SF:lib\core\error\failure.dart
DA:6,2
DA:8,1
DA:9,2
DA:13,1
DA:18,2
DA:25,1
LF:6
LH:6
end_of_record
SF:lib\app\constatns\hive_table_constants.dart
DA:2,0
LF:1
LH:0
end_of_record
SF:lib\core\network\hive_service.dart
DA:7,0
DA:9,0
DA:10,0
DA:12,0
DA:15,0
DA:19,1
DA:20,2
DA:21,2
DA:24,0
DA:25,0
DA:26,0
DA:29,1
DA:30,2
DA:31,2
DA:35,0
DA:36,0
DA:37,0
DA:38,0
DA:43,0
DA:44,0
DA:48,0
DA:49,0
DA:52,0
DA:53,0
LF:24
LH:6
end_of_record
SF:lib\features\auth\data\model\auth_hive_model.dart
DA:23,1
DA:29,0
DA:32,0
DA:40,0
DA:41,0
DA:42,0
DA:43,0
DA:44,0
DA:45,0
DA:46,0
DA:51,0
DA:52,0
DA:53,0
DA:54,0
DA:55,0
DA:56,0
DA:57,0
DA:61,0
DA:62,0
LF:19
LH:1
end_of_record
SF:lib\features\auth\data\model\auth_hive_model.g.dart
DA:13,0
DA:15,0
DA:16,0
DA:17,0
DA:19,0
DA:20,0
DA:21,0
DA:22,0
DA:23,0
DA:24,0
DA:28,1
DA:31,1
DA:32,1
DA:33,2
DA:34,1
DA:35,2
DA:36,1
DA:37,2
DA:38,1
DA:39,2
DA:40,1
DA:41,2
DA:44,0
DA:45,0
DA:47,0
DA:50,0
DA:51,0
DA:52,0
LF:28
LH:12
end_of_record
SF:lib\features\auth\domain\entity\auth_entity.dart
DA:10,13
DA:18,2
DA:19,12
LF:3
LH:3
end_of_record
SF:lib\app\constatns\api_endpoints.dart
DA:2,0
LF:1
LH:0
end_of_record
SF:lib\features\auth\data\data_source\auth_remote_datasource\auth_remote_datasource.dart
DA:149,1
DA:151,1
DA:154,2
DA:155,1
DA:156,1
DA:157,1
DA:158,1
DA:159,1
DA:160,1
DA:164,2
DA:167,0
DA:169,1
DA:170,3
DA:172,0
DA:176,1
DA:179,0
DA:180,2
DA:183,0
DA:184,0
DA:188,0
DA:189,0
DA:191,0
DA:194,3
DA:198,1
DA:202,4
DA:207,2
DA:208,1
DA:209,0
DA:210,0
DA:212,0
DA:215,3
DA:219,0
DA:222,0
DA:223,0
DA:224,0
DA:226,0
DA:229,0
DA:233,0
DA:236,0
DA:237,0
DA:239,0
DA:240,0
DA:241,0
DA:242,0
DA:246,0
DA:247,0
DA:249,0
DA:250,0
DA:251,0
DA:252,0
DA:253,0
DA:257,0
DA:260,0
LF:53
LH:20
end_of_record
SF:lib\features\auth\data\repository\auth_remote_repository.dart
DA:13,1
DA:15,1
DA:18,2
DA:19,1
DA:21,3
DA:25,1
DA:29,2
DA:30,1
DA:31,1
DA:32,4
DA:34,0
DA:38,1
DA:41,2
DA:43,1
DA:44,4
DA:46,0
DA:50,1
DA:53,2
DA:54,1
DA:55,1
DA:56,4
DA:58,0
LF:22
LH:19
end_of_record
SF:lib\features\auth\domain\use_case\login_usecase.dart
DA:11,9
DA:17,0
DA:21,0
DA:22,0
DA:28,1
DA:30,1
DA:33,4
LF:7
LH:4
end_of_record
SF:lib\features\auth\domain\use_case\register_user_usecase.dart
DA:15,1
DA:23,0
DA:30,0
DA:31,0
DA:37,1
DA:39,1
DA:41,1
DA:42,1
DA:43,1
DA:44,1
DA:45,1
DA:47,2
LF:12
LH:9
end_of_record
SF:lib\features\auth\domain\use_case\upload_image_usecase.dart
DA:11,1
DA:20,1
DA:22,1
DA:24,3
LF:4
LH:4
end_of_record
SF:lib\features\auth\presentation\view_model\login\login_state.dart
DA:7,0
DA:12,7
DA:16,0
DA:20,0
DA:21,0
DA:22,0
LF:6
LH:1
end_of_record
SF:lib\features\auth\presentation\view_model\login\login_event.dart
DA:4,0
DA:6,0
DA:7,0
DA:14,0
DA:24,0
DA:35,0
LF:6
LH:0
end_of_record
SF:lib\features\auth\presentation\view_model\login\login_bloc.dart
DA:19,7
DA:26,14
DA:27,7
DA:28,0
DA:29,0
DA:30,0
DA:31,0
DA:32,0
DA:33,0
DA:34,0
DA:36,0
DA:43,7
DA:44,0
DA:45,0
DA:46,0
DA:47,0
DA:48,0
DA:49,0
DA:50,0
DA:57,7
DA:58,0
DA:59,0
DA:60,0
DA:61,0
DA:62,0
DA:63,0
DA:67,0
DA:68,0
DA:69,0
DA:70,0
DA:71,0
DA:72,0
DA:76,0
DA:77,0
DA:78,0
DA:79,0
DA:80,0
LF:37
LH:5
end_of_record
SF:lib\features\auth\presentation\view_model\signup\register_event.dart
DA:49,0
DA:50,0
DA:60,0
DA:67,0
DA:68,0
DA:75,0
DA:77,0
DA:78,0
LF:8
LH:0
end_of_record
SF:lib\features\auth\presentation\view_model\signup\register_state.dart
DA:43,7
DA:49,0
DA:57,0
DA:62,0
DA:63,0
DA:64,0
DA:65,0
DA:69,0
DA:70,0
LF:9
LH:1
end_of_record
SF:lib\features\auth\presentation\view_model\signup\register_bloc.dart
DA:106,0
DA:111,0
DA:112,0
DA:113,0
DA:117,0
DA:121,0
DA:123,0
DA:124,0
DA:125,0
DA:126,0
DA:127,0
DA:130,0
DA:131,0
DA:132,0
DA:133,0
DA:136,0
DA:137,0
DA:138,0
DA:142,0
DA:143,0
DA:144,0
DA:145,0
DA:146,0
DA:147,0
DA:159,0
DA:163,0
DA:165,0
DA:166,0
DA:167,0
DA:171,0
DA:172,0
DA:173,0
DA:174,0
LF:33
LH:0
end_of_record
SF:lib\features\home\view_model\home_cubit.dart
DA:10,0
DA:12,0
DA:13,0
DA:16,0
DA:18,0
DA:19,0
DA:20,0
DA:22,0
DA:23,0
DA:24,0
LF:10
LH:0
end_of_record
SF:lib\app\di\di.dart
DA:18,0
DA:20,0
DA:22,0
DA:23,0
DA:24,0
DA:25,0
DA:26,0
DA:28,0
DA:31,0
DA:32,0
DA:35,0
DA:37,0
DA:38,0
DA:42,0
DA:44,0
DA:45,0
DA:49,0
DA:50,0
DA:54,0
DA:55,0
DA:59,0
DA:60,0
DA:63,0
DA:64,0
DA:65,0
DA:70,0
DA:71,0
DA:72,0
DA:77,0
DA:78,0
DA:79,0
DA:80,0
DA:85,0
DA:86,0
DA:87,0
DA:91,0
DA:92,0
DA:93,0
DA:94,0
DA:98,0
DA:99,0
DA:100,0
DA:101,0
DA:102,0
DA:107,0
DA:108,0
DA:109,0
LF:47
LH:0
end_of_record
SF:lib\core\network\api_service.dart
DA:9,0
DA:11,0
DA:12,0
DA:13,0
DA:14,0
DA:15,0
DA:16,0
DA:17,0
DA:19,0
LF:9
LH:0
end_of_record
SF:lib\features\auth\data\data_source\local_data_source\auth_local_datasource.dart
DA:12,0
DA:14,0
DA:17,0
DA:39,0
DA:42,0
DA:43,0
DA:45,0
DA:49,0
DA:52,0
DA:53,0
DA:54,0
DA:56,0
DA:60,0
DA:63,0
LF:14
LH:0
end_of_record
SF:lib\features\auth\data\repository\auth_local_repository.dart
DA:12,0
DA:14,0
DA:17,0
DA:18,0
DA:20,0
DA:21,0
DA:36,0
DA:40,0
DA:41,0
DA:43,0
DA:44,0
DA:48,0
DA:51,0
DA:54,0
DA:55,0
DA:59,0
DA:62,0
DA:63,0
DA:65,0
LF:19
LH:0
end_of_record
SF:lib\features\splash\presentation\view_model\splash_cubit.dart
DA:7,0
DA:11,0
DA:12,0
DA:15,0
DA:16,0
DA:18,0
DA:19,0
LF:7
LH:0
end_of_record
SF:lib\core\common\snackbar\my_snackbar.dart
DA:3,0
DA:8,0
DA:10,0
DA:11,0
DA:12,0
LF:5
LH:0
end_of_record
SF:lib\core\network\dio_error_interceptor.dart
DA:4,0
DA:6,0
DA:8,0
DA:9,0
DA:10,0
DA:11,0
DA:12,0
DA:13,0
DA:16,0
DA:17,0
DA:18,0
DA:20,0
DA:25,0
DA:26,0
DA:28,0
DA:31,0
LF:16
LH:0
end_of_record
SF:lib\features\auth\presentation\view\login_page.dart
DA:211,35
DA:213,0
DA:214,0
DA:223,0
DA:225,0
DA:226,0
DA:228,0
DA:230,0
DA:231,0
DA:234,0
DA:241,0
DA:243,0
DA:246,0
DA:247,0
DA:249,0
DA:250,0
DA:251,0
DA:252,0
DA:253,0
DA:255,0
DA:257,0
DA:258,0
DA:279,0
DA:280,0
DA:283,0
DA:284,0
DA:289,0
DA:290,0
DA:291,0
DA:292,0
DA:301,0
DA:303,0
DA:304,0
DA:305,0
DA:311,0
DA:312,0
DA:313,0
DA:320,0
DA:327,0
DA:328,0
DA:329,0
DA:330,0
DA:331,0
DA:333,0
DA:334,0
DA:339,0
DA:342,0
DA:343,0
DA:357,0
DA:359,0
DA:365,0
DA:366,0
DA:367,0
DA:369,0
DA:370,0
DA:371,0
DA:372,0
DA:403,0
DA:409,0
DA:411,0
DA:416,0
DA:418,0
LF:62
LH:1
end_of_record
SF:lib\features\auth\presentation\view\signup_page.dart
DA:277,7
DA:279,0
DA:280,0
DA:294,0
DA:295,0
DA:297,0
DA:298,0
DA:303,0
DA:304,0
DA:305,0
DA:306,0
DA:309,0
DA:310,0
DA:316,0
DA:318,0
DA:319,0
DA:320,0
DA:321,0
DA:322,0
DA:327,0
DA:328,0
DA:329,0
DA:330,0
DA:343,0
DA:345,0
DA:346,0
DA:348,0
DA:350,0
DA:351,0
DA:353,0
DA:360,0
DA:362,0
DA:365,0
DA:366,0
DA:368,0
DA:369,0
DA:370,0
DA:372,0
DA:374,0
DA:375,0
DA:376,0
DA:378,0
DA:380,0
DA:381,0
DA:405,0
DA:406,0
DA:409,0
DA:410,0
DA:415,0
DA:416,0
DA:419,0
DA:420,0
DA:425,0
DA:426,0
DA:430,0
DA:431,0
DA:436,0
DA:437,0
DA:441,0
DA:442,0
DA:444,0
DA:453,0
DA:454,0
DA:455,0
DA:456,0
DA:457,0
DA:459,0
DA:460,0
DA:461,0
DA:467,0
DA:471,0
DA:472,0
DA:486,0
DA:488,0
DA:493,0
DA:494,0
DA:495,0
DA:497,0
DA:498,0
DA:499,0
DA:524,0
DA:531,0
DA:534,0
DA:538,0
DA:540,0
LF:85
LH:1
end_of_record
SF:lib\features\home\view\bottom_view\dashboard.dart
DA:328,7
DA:330,0
DA:331,0
DA:345,0
DA:346,0
DA:347,0
DA:351,0
DA:353,0
DA:354,0
DA:355,0
DA:364,0
DA:365,0
DA:367,0
DA:371,0
DA:372,0
DA:373,0
DA:375,0
DA:376,0
DA:379,0
DA:381,0
DA:383,0
DA:384,0
DA:386,0
DA:387,0
DA:389,0
DA:391,0
DA:392,0
DA:394,0
DA:396,0
DA:397,0
DA:399,0
DA:401,0
DA:402,0
DA:415,0
DA:450,0
DA:452,0
DA:453,0
DA:455,0
DA:457,0
DA:459,0
DA:461,0
DA:463,0
DA:464,0
DA:465,0
DA:466,0
DA:471,0
DA:472,0
DA:482,0
DA:484,0
DA:500,0
DA:502,0
DA:503,0
DA:504,0
DA:505,0
DA:506,0
DA:507,0
DA:508,0
DA:509,0
DA:510,0
DA:511,0
DA:512,0
DA:514,0
DA:516,0
DA:517,0
DA:520,0
DA:521,0
DA:523,0
DA:524,0
DA:529,0
DA:530,0
DA:531,0
DA:532,0
DA:534,0
DA:536,0
DA:537,0
DA:540,0
DA:541,0
DA:543,0
DA:544,0
DA:565,0
DA:567,0
DA:568,0
DA:569,0
DA:570,0
DA:571,0
DA:572,0
DA:573,0
DA:574,0
DA:575,0
DA:576,0
DA:577,0
DA:579,0
DA:581,0
DA:582,0
DA:585,0
DA:586,0
DA:588,0
DA:589,0
DA:594,0
DA:595,0
DA:596,0
DA:597,0
DA:599,0
DA:601,0
DA:602,0
DA:605,0
DA:606,0
DA:608,0
DA:609,0
DA:633,0
DA:650,0
DA:658,0
DA:660,0
DA:662,0
DA:663,0
DA:665,0
DA:667,0
DA:668,0
DA:669,0
DA:670,0
DA:676,0
DA:677,0
DA:681,0
DA:682,0
DA:690,0
DA:691,0
DA:709,0
DA:711,0
DA:713,0
DA:715,0
DA:717,0
DA:720,0
DA:722,0
DA:724,0
DA:725,0
DA:728,0
DA:731,0
DA:732,0
DA:736,0
DA:737,0
DA:740,0
DA:741,0
DA:742,0
DA:745,0
DA:747,0
DA:749,0
DA:750,0
DA:751,0
DA:775,0
DA:782,0
DA:784,0
DA:785,0
DA:786,0
DA:787,0
DA:790,0
LF:155
LH:1
end_of_record
SF:lib\features\home\view\bottom_view\all_gears_page.dart
DA:9,7
DA:11,0
DA:12,0
DA:23,0
DA:25,0
DA:26,0
DA:29,0
DA:32,0
DA:35,0
DA:37,0
DA:38,0
DA:42,0
DA:43,0
DA:45,0
DA:47,0
DA:48,0
DA:49,0
DA:51,0
DA:55,0
DA:56,0
DA:57,0
DA:65,0
DA:67,0
DA:70,0
DA:74,0
DA:75,0
DA:76,0
DA:77,0
DA:80,0
DA:81,0
DA:82,0
DA:83,0
DA:87,0
DA:88,0
DA:89,0
DA:90,0
DA:91,0
DA:92,0
DA:104,0
DA:107,0
DA:111,0
DA:113,0
DA:114,0
DA:115,0
DA:121,0
DA:122,0
DA:123,0
DA:124,0
DA:126,0
DA:145,0
DA:152,0
DA:154,0
DA:156,0
DA:157,0
DA:163,0
DA:164,0
DA:165,0
DA:166,0
DA:167,0
DA:168,0
DA:169,0
DA:171,0
DA:172,0
DA:173,0
DA:174,0
DA:185,0
DA:186,0
DA:188,0
DA:189,0
DA:191,0
DA:193,0
DA:194,0
DA:198,0
DA:200,0
DA:202,0
DA:204,0
DA:205,0
DA:213,0
DA:214,0
DA:220,0
DA:221,0
DA:228,0
DA:229,0
DA:232,0
DA:233,0
DA:234,0
DA:237,0
DA:238,0
DA:240,0
DA:241,0
DA:242,0
DA:266,0
DA:273,0
DA:275,0
DA:277,0
DA:278,0
DA:279,0
DA:280,0
DA:281,0
DA:282,0
DA:284,0
DA:288,0
DA:290,0
DA:291,0
DA:292,0
DA:295,0
LF:106
LH:1
end_of_record
SF:lib\features\home\view\bottom_view\cart.dart
DA:159,7
DA:161,0
DA:162,0
DA:189,0
DA:190,0
DA:191,0
DA:196,0
DA:197,0
DA:202,0
DA:204,0
DA:206,0
DA:210,0
DA:212,0
DA:214,0
DA:215,0
DA:216,0
DA:217,0
DA:219,0
DA:223,0
DA:225,0
DA:226,0
DA:228,0
DA:229,0
DA:230,0
DA:233,0
DA:251,0
DA:264,0
DA:270,0
DA:272,0
DA:275,0
DA:276,0
DA:278,0
DA:280,0
DA:281,0
DA:286,0
DA:287,0
DA:290,0
DA:291,0
DA:294,0
DA:296,0
DA:298,0
DA:299,0
DA:308,0
DA:309,0
LF:44
LH:1
end_of_record
SF:lib\features\home\view\bottom_view\profile_page.dart
DA:388,7
DA:390,0
DA:391,0
DA:408,0
DA:410,0
DA:411,0
DA:414,0
DA:415,0
DA:416,0
DA:417,0
DA:418,0
DA:421,0
DA:422,0
DA:423,0
DA:427,0
DA:430,0
DA:431,0
DA:435,0
DA:436,0
DA:437,0
DA:442,0
DA:445,0
DA:446,0
DA:447,0
DA:448,0
DA:449,0
DA:456,0
DA:458,0
DA:460,0
DA:463,0
DA:465,0
DA:466,0
DA:467,0
DA:468,0
DA:470,0
DA:471,0
DA:478,0
DA:480,0
DA:481,0
DA:482,0
DA:483,0
DA:484,0
DA:487,0
DA:491,0
DA:492,0
DA:493,0
DA:494,0
DA:496,0
DA:497,0
DA:498,0
DA:499,0
DA:503,0
DA:510,0
DA:512,0
DA:513,0
DA:515,0
DA:518,0
DA:519,0
DA:521,0
DA:523,0
DA:524,0
DA:529,0
DA:530,0
DA:531,0
DA:532,0
DA:539,0
DA:540,0
DA:541,0
DA:542,0
DA:549,0
DA:550,0
DA:551,0
DA:554,0
DA:555,0
DA:556,0
DA:565,0
DA:566,0
DA:567,0
DA:569,0
DA:570,0
DA:571,0
LF:81
LH:1
end_of_record
SF:lib\features\home\view\bottom_view\onboard_screen.dart
DA:199,7
DA:201,0
DA:202,0
DA:227,0
DA:228,0
DA:229,0
DA:230,0
DA:231,0
DA:232,0
DA:239,0
DA:240,0
DA:241,0
DA:248,0
DA:250,0
DA:251,0
DA:252,0
DA:253,0
DA:255,0
DA:256,0
DA:257,0
DA:258,0
DA:259,0
DA:262,0
DA:266,0
DA:267,0
DA:270,0
DA:271,0
DA:272,0
DA:277,0
DA:278,0
DA:290,0
DA:291,0
DA:294,0
DA:295,0
DA:296,0
DA:301,0
DA:302,0
DA:314,0
DA:318,0
DA:320,0
DA:321,0
DA:322,0
DA:328,0
DA:329,0
DA:333,0
DA:334,0
DA:335,0
DA:340,0
DA:341,0
DA:357,0
DA:358,0
DA:360,0
DA:362,0
DA:363,0
DA:364,0
DA:375,7
DA:382,0
DA:384,0
DA:386,0
DA:388,0
DA:389,0
DA:390,0
DA:395,0
DA:396,0
DA:405,0
DA:406,0
LF:66
LH:2
end_of_record
SF:lib\features\home\view_model\home_state.dart
DA:8,7
DA:14,0
DA:28,0
DA:32,0
DA:33,0
DA:34,0
DA:38,0
DA:39,0
LF:8
LH:1
end_of_record
